<?xml version="1.0" encoding="UTF-8"?>
<!-- Generated by org.testng.reporters.JUnitXMLReporter -->
<testsuite ignored="0" hostname="DESKTOP-E6E990Q" failures="0" tests="5" name="Default test" time="105.149" errors="0" timestamp="2023-03-21T23:36:17 EET">
  <testcase classname="testcase.LoginTest" name="LoginData" time="11.917"/>
  <testcase classname="testcase.LoginTest" name="LoginData" time="6.899"/>
  <testcase classname="testcase.LoginTest" name="LoginData" time="6.803"/>
  <testcase classname="testcase.OrderFlowTest" name="orderflowTest" time="3.489"/>
  <testcase classname="testcase.OrderFlowTest" name="orderflowTest" time="2.887"/>
</testsuite> <!-- Default test -->
