<?xml version="1.0" encoding="UTF-8"?>
<!-- Generated by org.testng.reporters.JUnitXMLReporter -->
<testsuite ignored="0" hostname="DESKTOP-E6E990Q" failures="0" tests="4" name="SL Suite" time="112.665" errors="0" timestamp="2023-03-21T12:48:51 EET">
  <testcase classname="testcase.LoginTest" name="LoginData" time="12.816"/>
  <testcase classname="testcase.LoginTest" name="LoginData" time="16.055"/>
  <testcase classname="testcase.LoginTest" name="LoginData" time="13.153"/>
  <testcase classname="testcase.OrderFlowTest" name="orderflowTest" time="2.132"/>
</testsuite> <!-- SL Suite -->
